INFO:root:[ TIME 2021-05-13 12:37:54.030859 ]: STARTED
INFO:root:[ TIME 2021-05-13 12:37:54.032851 ]: Received migration info: 62746
INFO:root:[ TIME 2021-05-13 12:37:54.033859 ]: Sending heartbeat to new connection
INFO:root:[ TIME 2021-05-13 12:46:04.164684 ]: STARTED
INFO:root:[ TIME 2021-05-13 12:46:04.168674 ]: Received migration info: 62827
INFO:root:[ TIME 2021-05-13 12:46:04.669800 ]: Sending heartbeat to new connection
INFO:root:[ TIME 2021-05-13 12:46:04.671794 ]: Packet received content:
							[TYPE]: 3
							[CHECKSUM]: b'\xe2\x81\xdb\xf4Aa\x87\x0f\x81}\xd6H\xf7`\n\x08\xc7\xba601z\x8fJ\xa7\xc7\xf0\x04\x9c\x8bL\xce'
							[DEST]: 127.0.0.1
							[DATA]: DONE
							
INFO:root:[ TIME 2021-05-13 12:46:04.671794 ]: PULSE: False
INFO:root:[ TIME 2021-05-13 12:47:11.828927 ]: STARTED
INFO:root:[ TIME 2021-05-13 12:47:11.830916 ]: Received migration info: 62834
INFO:root:[ TIME 2021-05-13 12:47:12.332029 ]: Sending heartbeat to new connection
INFO:root:[ TIME 2021-05-13 12:47:12.334029 ]: Packet received content:
							[TYPE]: 3
							[CHECKSUM]: b'\xe2\x81\xdb\xf4Aa\x87\x0f\x81}\xd6H\xf7`\n\x08\xc7\xba601z\x8fJ\xa7\xc7\xf0\x04\x9c\x8bL\xce'
							[DEST]: 127.0.0.1
							[DATA]: DONE
							
INFO:root:[ TIME 2021-05-13 12:47:12.334029 ]: PULSE: False
INFO:root:[ TIME 2021-05-13 12:54:23.375654 ]: STARTED
INFO:root:[ TIME 2021-05-13 12:54:23.377648 ]: Received migration info: 62879
INFO:root:[ TIME 2021-05-13 12:54:23.377648 ]: Sending heartbeat to new connection
INFO:root:[ TIME 2021-05-13 12:54:23.377648 ]: Packet received content:
							[TYPE]: 3
							[CHECKSUM]: b'\xe2\x81\xdb\xf4Aa\x87\x0f\x81}\xd6H\xf7`\n\x08\xc7\xba601z\x8fJ\xa7\xc7\xf0\x04\x9c\x8bL\xce'
							[DEST]: 127.0.0.1
							[DATA]: DONE
							
INFO:root:[ TIME 2021-05-13 12:54:23.377648 ]: PULSE: False
INFO:root:[ TIME 2021-05-13 12:56:10.255143 ]: STARTED
INFO:root:[ TIME 2021-05-13 12:56:10.262137 ]: Received migration info: 62893
INFO:root:[ TIME 2021-05-13 12:56:10.262137 ]: Sending heartbeat to new connection
INFO:root:[ TIME 2021-05-13 12:56:10.263139 ]: Packet received content:
							[TYPE]: 3
							[CHECKSUM]: b'\xe2\x81\xdb\xf4Aa\x87\x0f\x81}\xd6H\xf7`\n\x08\xc7\xba601z\x8fJ\xa7\xc7\xf0\x04\x9c\x8bL\xce'
							[DEST]: 127.0.0.1
							[DATA]: DONE
							
INFO:root:[ TIME 2021-05-13 12:56:10.263139 ]: PULSE: False
INFO:root:[ TIME 2021-05-13 12:58:00.144804 ]: STARTED
INFO:root:[ TIME 2021-05-13 12:58:00.168806 ]: Received migration info: 62912
INFO:root:[ TIME 2021-05-13 12:58:00.668914 ]: Sending heartbeat to new connection
INFO:root:[ TIME 2021-05-13 12:58:00.670921 ]: Packet received content:
							[TYPE]: 3
							[CHECKSUM]: b'\xe2\x81\xdb\xf4Aa\x87\x0f\x81}\xd6H\xf7`\n\x08\xc7\xba601z\x8fJ\xa7\xc7\xf0\x04\x9c\x8bL\xce'
							[DEST]: 127.0.0.1
							[DATA]: DONE
							
INFO:root:[ TIME 2021-05-13 12:58:00.670921 ]: PULSE: False
INFO:root:[ TIME 2021-05-13 12:58:45.979698 ]: STARTED
INFO:root:[ TIME 2021-05-13 12:58:45.986687 ]: Received migration info: 62919
INFO:root:[ TIME 2021-05-13 12:58:46.494034 ]: Sending heartbeat to new connection
INFO:root:[ TIME 2021-05-13 12:58:46.495042 ]: Packet received content:
							[TYPE]: 3
							[CHECKSUM]: b'\xe2\x81\xdb\xf4Aa\x87\x0f\x81}\xd6H\xf7`\n\x08\xc7\xba601z\x8fJ\xa7\xc7\xf0\x04\x9c\x8bL\xce'
							[DEST]: 127.0.0.1
							[DATA]: DONE
							
INFO:root:[ TIME 2021-05-13 12:58:46.496038 ]: PULSE: False
INFO:root:[ TIME 2021-05-13 12:59:28.428245 ]: STARTED
INFO:root:[ TIME 2021-05-13 12:59:28.434247 ]: Received migration info: 62924
INFO:root:[ TIME 2021-05-13 12:59:28.434247 ]: Sending heartbeat to new connection
INFO:root:[ TIME 2021-05-13 12:59:28.435248 ]: Packet received content:
							[TYPE]: 3
							[CHECKSUM]: b'\xe2\x81\xdb\xf4Aa\x87\x0f\x81}\xd6H\xf7`\n\x08\xc7\xba601z\x8fJ\xa7\xc7\xf0\x04\x9c\x8bL\xce'
							[DEST]: 127.0.0.1
							[DATA]: DONE
							
INFO:root:[ TIME 2021-05-13 12:59:28.435248 ]: PULSE: False
INFO:root:[ TIME 2021-05-13 13:03:01.948976 ]: STARTED
INFO:root:[ TIME 2021-05-13 13:03:01.953979 ]: Received migration info: 62959
INFO:root:[ TIME 2021-05-13 13:03:01.953979 ]: Sending heartbeat to new connection
INFO:root:[ TIME 2021-05-13 13:03:01.954983 ]: Packet received content:
							[TYPE]: 3
							[CHECKSUM]: b'\xe2\x81\xdb\xf4Aa\x87\x0f\x81}\xd6H\xf7`\n\x08\xc7\xba601z\x8fJ\xa7\xc7\xf0\x04\x9c\x8bL\xce'
							[DEST]: 127.0.0.1
							[DATA]: DONE
							
INFO:root:[ TIME 2021-05-13 13:03:01.954983 ]: PULSE: False
INFO:root:[ TIME 2021-05-13 13:04:06.084259 ]: STARTED
INFO:root:[ TIME 2021-05-13 13:04:06.093261 ]: Received migration info: 62975
INFO:root:[ TIME 2021-05-13 13:04:06.095261 ]: Sending heartbeat to new connection
INFO:root:[ TIME 2021-05-13 13:04:06.097263 ]: Packet received content:
							[TYPE]: 3
							[CHECKSUM]: b'\xe2\x81\xdb\xf4Aa\x87\x0f\x81}\xd6H\xf7`\n\x08\xc7\xba601z\x8fJ\xa7\xc7\xf0\x04\x9c\x8bL\xce'
							[DEST]: 127.0.0.1
							[DATA]: DONE
							
INFO:root:[ TIME 2021-05-13 13:04:06.097263 ]: PULSE: False
INFO:root:[ TIME 2021-05-13 13:05:37.701245 ]: STARTED
INFO:root:[ TIME 2021-05-13 13:05:37.706244 ]: Received migration info: 62995
INFO:root:[ TIME 2021-05-13 13:05:37.707246 ]: Sending heartbeat to new connection
INFO:root:[ TIME 2021-05-13 13:05:37.707246 ]: Packet received content:
							[TYPE]: 3
							[CHECKSUM]: b'\xe2\x81\xdb\xf4Aa\x87\x0f\x81}\xd6H\xf7`\n\x08\xc7\xba601z\x8fJ\xa7\xc7\xf0\x04\x9c\x8bL\xce'
							[DEST]: 127.0.0.1
							[DATA]: DONE
							
INFO:root:[ TIME 2021-05-13 13:05:37.708244 ]: PULSE: False
INFO:root:[ TIME 2021-05-13 13:06:51.465860 ]: STARTED
INFO:root:[ TIME 2021-05-13 13:06:51.467852 ]: Received migration info: 63006
INFO:root:[ TIME 2021-05-13 13:06:51.468847 ]: Sending heartbeat to new connection
INFO:root:[ TIME 2021-05-13 13:06:51.468847 ]: Packet received content:
							[TYPE]: 3
							[CHECKSUM]: b'\xe2\x81\xdb\xf4Aa\x87\x0f\x81}\xd6H\xf7`\n\x08\xc7\xba601z\x8fJ\xa7\xc7\xf0\x04\x9c\x8bL\xce'
							[DEST]: 127.0.0.1
							[DATA]: DONE
							
INFO:root:[ TIME 2021-05-13 13:06:51.468847 ]: PULSE: False
INFO:root:[ TIME 2021-05-13 13:08:13.980447 ]: STARTED
INFO:root:[ TIME 2021-05-13 13:08:13.982449 ]: Received migration info: 63020
INFO:root:[ TIME 2021-05-13 13:08:13.983448 ]: Sending heartbeat to new connection
INFO:root:[ TIME 2021-05-13 13:08:13.983448 ]: Packet received content:
							[TYPE]: 3
							[CHECKSUM]: b'\xe2\x81\xdb\xf4Aa\x87\x0f\x81}\xd6H\xf7`\n\x08\xc7\xba601z\x8fJ\xa7\xc7\xf0\x04\x9c\x8bL\xce'
							[DEST]: 127.0.0.1
							[DATA]: DONE
							
INFO:root:[ TIME 2021-05-13 13:08:13.984450 ]: PULSE: False
INFO:root:[ TIME 2021-05-13 13:16:10.764910 ]: STARTED
INFO:root:[ TIME 2021-05-13 13:17:04.742460 ]: STARTED
INFO:root:[ TIME 2021-05-13 13:17:04.745462 ]: Received migration info: 63088
INFO:root:[ TIME 2021-05-13 13:17:04.745462 ]: Sending heartbeat to new connection
INFO:root:[ TIME 2021-05-13 13:17:04.746462 ]: Packet received content:
							[TYPE]: 3
							[CHECKSUM]: b'\xe2\x81\xdb\xf4Aa\x87\x0f\x81}\xd6H\xf7`\n\x08\xc7\xba601z\x8fJ\xa7\xc7\xf0\x04\x9c\x8bL\xce'
							[DEST]: 127.0.0.1
							[DATA]: DONE
							
INFO:root:[ TIME 2021-05-13 13:17:04.746462 ]: PULSE: False
INFO:root:[ TIME 2021-05-16 13:19:54.355861 ]: STARTED
INFO:root:[ TIME 2021-05-16 13:19:54.359871 ]: Received migration info: 54893
INFO:root:[ TIME 2021-05-16 13:19:54.360871 ]: Sending heartbeat to new connection
INFO:root:[ TIME 2021-05-16 13:19:54.361872 ]: Packet received content:
							[TYPE]: 3
							[CHECKSUM]: b'\xe2\x81\xdb\xf4Aa\x87\x0f\x81}\xd6H\xf7`\n\x08\xc7\xba601z\x8fJ\xa7\xc7\xf0\x04\x9c\x8bL\xce'
							[DEST]: 127.0.0.1
							[DATA]: DONE
							
INFO:root:[ TIME 2021-05-16 13:19:54.361872 ]: PULSE: False
INFO:root:[ TIME 2021-05-17 12:39:48.819081 ]: STARTED
INFO:root:[ TIME 2021-05-17 12:39:48.823091 ]: Received migration info: 60295
INFO:root:[ TIME 2021-05-17 12:39:48.823091 ]: Sending heartbeat to new connection
INFO:root:[ TIME 2021-05-17 12:39:48.825092 ]: Packet received content:
							[TYPE]: 3
							[CHECKSUM]: b'\xe2\x81\xdb\xf4Aa\x87\x0f\x81}\xd6H\xf7`\n\x08\xc7\xba601z\x8fJ\xa7\xc7\xf0\x04\x9c\x8bL\xce'
							[DEST]: 127.0.0.1
							[DATA]: DONE
							
INFO:root:[ TIME 2021-05-17 12:39:48.825092 ]: PULSE: False
INFO:root:[ TIME 2021-05-17 12:43:42.164005 ]: STARTED
INFO:root:[ TIME 2021-05-17 12:43:42.167005 ]: Received migration info: 64619
INFO:root:[ TIME 2021-05-17 12:43:42.672077 ]: Sending heartbeat to new connection
INFO:root:[ TIME 2021-05-17 12:43:42.674082 ]: Packet received content:
							[TYPE]: 3
							[CHECKSUM]: b'\xe2\x81\xdb\xf4Aa\x87\x0f\x81}\xd6H\xf7`\n\x08\xc7\xba601z\x8fJ\xa7\xc7\xf0\x04\x9c\x8bL\xce'
							[DEST]: 127.0.0.1
							[DATA]: DONE
							
INFO:root:[ TIME 2021-05-17 12:43:42.674082 ]: PULSE: False
INFO:root:[ TIME 2021-05-17 12:44:58.845494 ]: STOPPED
INFO:root:[ TIME 2021-05-17 12:45:02.960472 ]: STARTED
INFO:root:[ TIME 2021-05-17 12:45:02.964466 ]: Received migration info: 64635
INFO:root:[ TIME 2021-05-17 12:45:02.965473 ]: Sending heartbeat to new connection
INFO:root:[ TIME 2021-05-17 12:45:02.966459 ]: Packet received content:
							[TYPE]: 3
							[CHECKSUM]: b'\xe2\x81\xdb\xf4Aa\x87\x0f\x81}\xd6H\xf7`\n\x08\xc7\xba601z\x8fJ\xa7\xc7\xf0\x04\x9c\x8bL\xce'
							[DEST]: 127.0.0.1
							[DATA]: DONE
							
INFO:root:[ TIME 2021-05-17 12:45:02.966459 ]: PULSE: False
INFO:root:[ TIME 2021-05-17 12:45:26.130030 ]: STOPPED
INFO:root:[ TIME 2021-05-17 12:45:33.671467 ]: STARTED
INFO:root:[ TIME 2021-05-17 12:45:33.677704 ]: Received migration info: 64649
INFO:root:[ TIME 2021-05-17 12:45:34.192800 ]: Sending heartbeat to new connection
INFO:root:[ TIME 2021-05-17 12:45:34.194812 ]: Packet received content:
							[TYPE]: 3
							[CHECKSUM]: b'\xe2\x81\xdb\xf4Aa\x87\x0f\x81}\xd6H\xf7`\n\x08\xc7\xba601z\x8fJ\xa7\xc7\xf0\x04\x9c\x8bL\xce'
							[DEST]: 127.0.0.1
							[DATA]: DONE
							
INFO:root:[ TIME 2021-05-17 12:45:34.194812 ]: PULSE: False
INFO:root:[ TIME 2021-05-17 12:46:13.939658 ]: STOPPED
INFO:root:[ TIME 2021-05-17 12:46:29.204119 ]: STARTED
INFO:root:[ TIME 2021-05-17 12:46:29.209150 ]: Received migration info: 64659
INFO:root:[ TIME 2021-05-17 12:46:29.210154 ]: Sending heartbeat to new connection
INFO:root:[ TIME 2021-05-17 12:46:29.211154 ]: Packet received content:
							[TYPE]: 3
							[CHECKSUM]: b'\xe2\x81\xdb\xf4Aa\x87\x0f\x81}\xd6H\xf7`\n\x08\xc7\xba601z\x8fJ\xa7\xc7\xf0\x04\x9c\x8bL\xce'
							[DEST]: 127.0.0.1
							[DATA]: DONE
							
INFO:root:[ TIME 2021-05-17 12:46:29.211154 ]: PULSE: False
INFO:root:[ TIME 2021-05-17 12:47:15.801540 ]: STOPPED
INFO:root:[ TIME 2021-05-17 12:47:38.964522 ]: STARTED
INFO:root:[ TIME 2021-05-17 12:47:38.969629 ]: Received migration info: 64666
INFO:root:[ TIME 2021-05-17 12:47:39.473300 ]: Sending heartbeat to new connection
INFO:root:[ TIME 2021-05-17 12:47:39.475307 ]: Packet received content:
							[TYPE]: 3
							[CHECKSUM]: b'\xe2\x81\xdb\xf4Aa\x87\x0f\x81}\xd6H\xf7`\n\x08\xc7\xba601z\x8fJ\xa7\xc7\xf0\x04\x9c\x8bL\xce'
							[DEST]: 127.0.0.1
							[DATA]: DONE
							
INFO:root:[ TIME 2021-05-17 12:47:39.475307 ]: PULSE: False
INFO:root:[ TIME 2021-05-17 12:53:09.581486 ]: STOPPED
INFO:root:[ TIME 2021-05-17 12:58:52.531249 ]: STARTED
INFO:root:[ TIME 2021-05-17 12:58:52.537994 ]: Received migration info: 55485
INFO:root:[ TIME 2021-05-17 12:58:53.043692 ]: Sending heartbeat to new connection
INFO:root:[ TIME 2021-05-17 12:58:53.046679 ]: Packet received content:
							[TYPE]: 3
							[CHECKSUM]: b'\xe2\x81\xdb\xf4Aa\x87\x0f\x81}\xd6H\xf7`\n\x08\xc7\xba601z\x8fJ\xa7\xc7\xf0\x04\x9c\x8bL\xce'
							[DEST]: 127.0.0.1
							[DATA]: DONE
							
INFO:root:[ TIME 2021-05-17 12:58:53.046679 ]: PULSE: False
INFO:root:[ TIME 2021-05-17 12:59:34.358850 ]: STOPPED
INFO:root:[ TIME 2021-05-17 12:59:37.465798 ]: STARTED
INFO:root:[ TIME 2021-05-17 12:59:37.471852 ]: Received migration info: 55492
INFO:root:[ TIME 2021-05-17 12:59:37.986153 ]: Sending heartbeat to new connection
INFO:root:[ TIME 2021-05-17 12:59:37.989149 ]: Packet received content:
							[TYPE]: 3
							[CHECKSUM]: b'\xe2\x81\xdb\xf4Aa\x87\x0f\x81}\xd6H\xf7`\n\x08\xc7\xba601z\x8fJ\xa7\xc7\xf0\x04\x9c\x8bL\xce'
							[DEST]: 127.0.0.1
							[DATA]: DONE
							
INFO:root:[ TIME 2021-05-17 12:59:37.989149 ]: PULSE: False
INFO:root:[ TIME 2021-05-17 13:03:18.841046 ]: STARTED
INFO:root:[ TIME 2021-05-17 13:03:18.847029 ]: Received migration info: 55507
INFO:root:[ TIME 2021-05-17 13:03:18.848029 ]: Sending heartbeat to new connection
INFO:root:[ TIME 2021-05-17 13:03:18.849029 ]: Packet received content:
							[TYPE]: 3
							[CHECKSUM]: b'\xe2\x81\xdb\xf4Aa\x87\x0f\x81}\xd6H\xf7`\n\x08\xc7\xba601z\x8fJ\xa7\xc7\xf0\x04\x9c\x8bL\xce'
							[DEST]: 127.0.0.1
							[DATA]: DONE
							
INFO:root:[ TIME 2021-05-17 13:03:18.849029 ]: PULSE: False
INFO:root:[ TIME 2021-05-17 13:07:40.069779 ]: STARTED
INFO:root:[ TIME 2021-05-17 13:07:40.074780 ]: Received migration info: 55526
INFO:root:[ TIME 2021-05-17 13:07:40.075781 ]: Sending heartbeat to new connection
INFO:root:[ TIME 2021-05-17 13:07:40.076781 ]: Packet received content:
							[TYPE]: 3
							[CHECKSUM]: b'\xe2\x81\xdb\xf4Aa\x87\x0f\x81}\xd6H\xf7`\n\x08\xc7\xba601z\x8fJ\xa7\xc7\xf0\x04\x9c\x8bL\xce'
							[DEST]: 127.0.0.1
							[DATA]: DONE
							
INFO:root:[ TIME 2021-05-17 13:07:40.076781 ]: PULSE: False
INFO:root:[ TIME 2021-05-17 13:20:37.048065 ]: STARTED
INFO:root:[ TIME 2021-05-17 13:20:37.050052 ]: Received migration info: 55608
INFO:root:[ TIME 2021-05-17 13:20:37.051045 ]: Sending heartbeat to new connection
INFO:root:[ TIME 2021-05-17 13:20:37.052059 ]: Packet received content:
							[TYPE]: 3
							[CHECKSUM]: b'\xe2\x81\xdb\xf4Aa\x87\x0f\x81}\xd6H\xf7`\n\x08\xc7\xba601z\x8fJ\xa7\xc7\xf0\x04\x9c\x8bL\xce'
							[DEST]: 127.0.0.1
							[DATA]: DONE
							
INFO:root:[ TIME 2021-05-17 13:20:37.052059 ]: PULSE: False
INFO:root:[ TIME 2021-05-17 13:21:41.105609 ]: STARTED
INFO:root:[ TIME 2021-05-17 13:21:41.123614 ]: Received migration info: 55666
INFO:root:[ TIME 2021-05-17 13:21:41.124616 ]: Sending heartbeat to new connection
INFO:root:[ TIME 2021-05-17 13:22:18.218609 ]: STARTED
INFO:root:[ TIME 2021-05-17 13:22:18.238613 ]: Received migration info: 55678
INFO:root:[ TIME 2021-05-17 13:22:18.748458 ]: Sending heartbeat to new connection
