
INFO:root:[ ROUTER | TIME 2021-05-12 12:54:58.302582 ]: Updating lookup table
INFO:root:[ ROUTER | TIME 2021-05-12 12:54:58.302690 ]: ============================
Client: test
			Address: 127.0.0.1
			Port: 46518
			Thread-ID:1
============================

INFO:root:[ THREAD-TCP 1 | TIME 2021-05-12 12:54:58.302923 ]: Client name: TestClient
INFO:root:[ THREAD-TCP 1 | TIME 2021-05-12 12:54:58.302969 ]: Starting migration
INFO:root:[ THREAD-TCP 1 | TIME 2021-05-12 12:54:58.303146 ]: Shutting down original connection
INFO:root:[ THREAD-TCP 1 | TIME 2021-05-12 12:54:58.303216 ]: Listening for migrated connection
INFO:root:[ THREAD-TCP 1 | TIME 2021-05-12 12:54:58.303368 ]: Migration accepted
INFO:root:[ THREAD-TCP 1 | TIME 2021-05-12 12:54:58.303419 ]: New client information: ('127.0.0.1', 52194)
INFO:root:[ THREAD-TCP 1 | TIME 2021-05-12 12:54:58.303465 ]: Updating routers lookup table
INFO:root:[ ROUTER | TIME 2021-05-12 12:54:58.303530 ]: Updating lookup table
INFO:root:[ ROUTER | TIME 2021-05-12 12:54:58.303557 ]: ============================
Client: TestClient
			Address: 127.0.0.1
			Port: 52194
			Thread-ID:1
============================

INFO:root:[ THREAD-TCP 1 | TIME 2021-05-12 12:54:58.303605 ]: Packet received content:
							[TYPE]: 3
							[CHECKSUM]: b'J\x88\xe9b\rN\x96\x8e\x01I@\xdfp^~\x13\x9e\xe9\xa1~\x0e\x82\xbd<\xa6*@\x8acUQ\xa6'
							[DEST]: 127.0.0.1
							[DATA]: OK
							
INFO:root:[ ROUTER | TIME 2021-05-12 12:55:19.594982 ]: Updating lookup table
INFO:root:[ ROUTER | TIME 2021-05-12 12:55:19.595106 ]: ============================
Client: TestClient
			Address: 127.0.0.1
			Port: 52194
			Thread-ID:1
============================
============================
Client: test
			Address: 127.0.0.1
			Port: 46524
			Thread-ID:2
============================

INFO:root:[ THREAD-TCP 2 | TIME 2021-05-12 12:55:19.595476 ]: Client name: TestClient2
INFO:root:[ THREAD-TCP 2 | TIME 2021-05-12 12:55:19.595546 ]: Starting migration
INFO:root:[ THREAD-TCP 2 | TIME 2021-05-12 12:55:19.595712 ]: Shutting down original connection
INFO:root:[ THREAD-TCP 2 | TIME 2021-05-12 12:55:19.595787 ]: Listening for migrated connection
INFO:root:[ THREAD-TCP 2 | TIME 2021-05-12 12:55:19.595998 ]: Migration accepted
INFO:root:[ THREAD-TCP 2 | TIME 2021-05-12 12:55:19.596044 ]: New client information: ('127.0.0.1', 36030)
INFO:root:[ THREAD-TCP 2 | TIME 2021-05-12 12:55:19.596104 ]: Updating routers lookup table
INFO:root:[ ROUTER | TIME 2021-05-12 12:55:19.596147 ]: Updating lookup table
INFO:root:[ ROUTER | TIME 2021-05-12 12:55:19.596174 ]: ============================
Client: TestClient
			Address: 127.0.0.1
			Port: 52194
			Thread-ID:1
============================
============================
Client: TestClient2
			Address: 127.0.0.1
			Port: 36030
			Thread-ID:2
============================

INFO:root:[ THREAD-TCP 2 | TIME 2021-05-12 12:55:19.596248 ]: Packet received content:
							[TYPE]: 3
							[CHECKSUM]: b'J\x88\xe9b\rN\x96\x8e\x01I@\xdfp^~\x13\x9e\xe9\xa1~\x0e\x82\xbd<\xa6*@\x8acUQ\xa6'
							[DEST]: 127.0.0.1
							[DATA]: OK
							
INFO:root:[ ROUTER | TIME 2021-05-13 12:37:54.030859 ]: Updating lookup table
INFO:root:[ ROUTER | TIME 2021-05-13 12:37:54.031859 ]: 
=============================================
			Client: test
			Address: 127.0.0.1
			Port: 62745
			Thread-ID:1

=============================================

INFO:root:[ THREAD-TCP 1 | TIME 2021-05-13 12:37:54.032851 ]: STARTED
INFO:root:[ THREAD-TCP 1 | TIME 2021-05-13 12:37:54.032851 ]: Client info: 127.0.0.1:62745
INFO:root:[ THREAD-TCP 1 | TIME 2021-05-13 12:37:54.032851 ]: Client name: relayBox
INFO:root:[ THREAD-TCP 1 | TIME 2021-05-13 12:37:54.032851 ]: Starting migration
INFO:root:[ THREAD-TCP 1 | TIME 2021-05-13 12:37:54.032851 ]: Shutting down original connection
INFO:root:[ THREAD-TCP 1 | TIME 2021-05-13 12:37:54.032851 ]: Listening for migrated connection
INFO:root:[ THREAD-TCP 1 | TIME 2021-05-13 12:37:54.033859 ]: Migration accepted
INFO:root:[ THREAD-TCP 1 | TIME 2021-05-13 12:37:54.033859 ]: New client information: ('127.0.0.1', 62747)
INFO:root:[ THREAD-TCP 1 | TIME 2021-05-13 12:37:54.033859 ]: Updating routers lookup table
INFO:root:[ ROUTER | TIME 2021-05-13 12:37:54.033859 ]: Updating lookup table
INFO:root:[ ROUTER | TIME 2021-05-13 12:37:54.033859 ]: 
=============================================
			Client: relayBox
			Address: 127.0.0.1
			Port: 62747
			Thread-ID:1

=============================================

INFO:root:[ THREAD-TCP 1 | TIME 2021-05-13 12:37:54.033859 ]: Packet received content:
							[TYPE]: 3
							[CHECKSUM]: b'J\x88\xe9b\rN\x96\x8e\x01I@\xdfp^~\x13\x9e\xe9\xa1~\x0e\x82\xbd<\xa6*@\x8acUQ\xa6'
							[DEST]: 127.0.0.1
							[DATA]: OK
							
INFO:root:[ ROUTER | TIME 2021-05-13 12:46:04.165671 ]: Updating lookup table
INFO:root:[ ROUTER | TIME 2021-05-13 12:46:04.166686 ]: 
=============================================
			Client: test
			Address: 127.0.0.1
			Port: 62826
			Thread-ID:1

=============================================

INFO:root:[ THREAD-TCP 1 | TIME 2021-05-13 12:46:04.166686 ]: STARTED
INFO:root:[ THREAD-TCP 1 | TIME 2021-05-13 12:46:04.167666 ]: Client info: 127.0.0.1:62826
INFO:root:[ THREAD-TCP 1 | TIME 2021-05-13 12:46:04.167666 ]: Client name: LAPTOP-97GV1LEI
INFO:root:[ THREAD-TCP 1 | TIME 2021-05-13 12:46:04.167666 ]: Starting migration
INFO:root:[ THREAD-TCP 1 | TIME 2021-05-13 12:46:04.168674 ]: Shutting down original connection
INFO:root:[ THREAD-TCP 1 | TIME 2021-05-13 12:46:04.168674 ]: Listening for migrated connection
INFO:root:[ THREAD-TCP 1 | TIME 2021-05-13 12:46:04.669800 ]: Migration accepted
INFO:root:[ THREAD-TCP 1 | TIME 2021-05-13 12:46:04.670788 ]: New client information: ('127.0.0.1', 62828)
INFO:root:[ THREAD-TCP 1 | TIME 2021-05-13 12:46:04.670788 ]: Updating routers lookup table
INFO:root:[ ROUTER | TIME 2021-05-13 12:46:04.670788 ]: Updating lookup table
INFO:root:[ ROUTER | TIME 2021-05-13 12:46:04.670788 ]: 
=============================================
			Client: LAPTOP-97GV1LEI
			Address: 127.0.0.1
			Port: 62828
			Thread-ID:1

=============================================

INFO:root:[ THREAD-TCP 1 | TIME 2021-05-13 12:46:04.670788 ]: Packet received content:
							[TYPE]: 3
							[CHECKSUM]: b'J\x88\xe9b\rN\x96\x8e\x01I@\xdfp^~\x13\x9e\xe9\xa1~\x0e\x82\xbd<\xa6*@\x8acUQ\xa6'
							[DEST]: 127.0.0.1
							[DATA]: OK
							
INFO:root:[ THREAD-TCP 1 | TIME 2021-05-13 12:46:04.675785 ]: ENDED
INFO:root:[ ROUTER | TIME 2021-05-13 12:47:11.828927 ]: Updating lookup table
INFO:root:[ ROUTER | TIME 2021-05-13 12:47:11.828927 ]: 
=============================================
			Client: LAPTOP-97GV1LEI
			Address: 127.0.0.1
			Port: 62828
			Thread-ID:1

=============================================

=============================================
			Client: test
			Address: 127.0.0.1
			Port: 62833
			Thread-ID:2

=============================================

INFO:root:[ THREAD-TCP 2 | TIME 2021-05-13 12:47:11.829916 ]: STARTED
INFO:root:[ THREAD-TCP 2 | TIME 2021-05-13 12:47:11.829916 ]: Client info: 127.0.0.1:62833
INFO:root:[ THREAD-TCP 2 | TIME 2021-05-13 12:47:11.829916 ]: Client name: LAPTOP-97GV1LEI
INFO:root:[ THREAD-TCP 2 | TIME 2021-05-13 12:47:11.830916 ]: Starting migration
INFO:root:[ THREAD-TCP 2 | TIME 2021-05-13 12:47:11.830916 ]: Shutting down original connection
INFO:root:[ THREAD-TCP 2 | TIME 2021-05-13 12:47:11.831916 ]: Listening for migrated connection
INFO:root:[ THREAD-TCP 2 | TIME 2021-05-13 12:47:12.332029 ]: Migration accepted
INFO:root:[ THREAD-TCP 2 | TIME 2021-05-13 12:47:12.332029 ]: New client information: ('127.0.0.1', 62835)
INFO:root:[ THREAD-TCP 2 | TIME 2021-05-13 12:47:12.333033 ]: Updating routers lookup table
INFO:root:[ ROUTER | TIME 2021-05-13 12:47:12.333033 ]: Updating lookup table
INFO:root:[ ROUTER | TIME 2021-05-13 12:47:12.333033 ]: 
=============================================
			Client: LAPTOP-97GV1LEI
			Address: 127.0.0.1
			Port: 62835
			Thread-ID:2

=============================================

INFO:root:[ THREAD-TCP 2 | TIME 2021-05-13 12:47:12.334029 ]: Packet received content:
							[TYPE]: 3
							[CHECKSUM]: b'J\x88\xe9b\rN\x96\x8e\x01I@\xdfp^~\x13\x9e\xe9\xa1~\x0e\x82\xbd<\xa6*@\x8acUQ\xa6'
							[DEST]: 127.0.0.1
							[DATA]: OK
							
INFO:root:[ ROUTER | TIME 2021-05-13 12:54:23.375654 ]: Updating lookup table
INFO:root:[ ROUTER | TIME 2021-05-13 12:54:23.375654 ]: 
=============================================
			Client: LAPTOP-97GV1LEI
			Address: 127.0.0.1
			Port: 62835
			Thread-ID:2

=============================================

=============================================
			Client: test
			Address: 127.0.0.1
			Port: 62878
			Thread-ID:3

=============================================

INFO:root:[ THREAD-TCP 3 | TIME 2021-05-13 12:54:23.376642 ]: STARTED
INFO:root:[ THREAD-TCP 3 | TIME 2021-05-13 12:54:23.376642 ]: Client info: 127.0.0.1:62878
INFO:root:[ THREAD-TCP 3 | TIME 2021-05-13 12:54:23.376642 ]: Client name: LAPTOP-97GV1LEI
INFO:root:[ THREAD-TCP 3 | TIME 2021-05-13 12:54:23.376642 ]: Starting migration
INFO:root:[ THREAD-TCP 3 | TIME 2021-05-13 12:54:23.376642 ]: Shutting down original connection
INFO:root:[ THREAD-TCP 3 | TIME 2021-05-13 12:54:23.377648 ]: Listening for migrated connection
INFO:root:[ THREAD-TCP 3 | TIME 2021-05-13 12:54:23.377648 ]: Migration accepted
INFO:root:[ THREAD-TCP 3 | TIME 2021-05-13 12:54:23.377648 ]: New client information: ('127.0.0.1', 62880)
INFO:root:[ THREAD-TCP 3 | TIME 2021-05-13 12:54:23.377648 ]: Updating routers lookup table
INFO:root:[ ROUTER | TIME 2021-05-13 12:54:23.377648 ]: Updating lookup table
INFO:root:[ ROUTER | TIME 2021-05-13 12:54:23.377648 ]: 
=============================================
			Client: LAPTOP-97GV1LEI
			Address: 127.0.0.1
			Port: 62880
			Thread-ID:3

=============================================

INFO:root:[ THREAD-TCP 3 | TIME 2021-05-13 12:54:23.377648 ]: Packet received content:
							[TYPE]: 3
							[CHECKSUM]: b'J\x88\xe9b\rN\x96\x8e\x01I@\xdfp^~\x13\x9e\xe9\xa1~\x0e\x82\xbd<\xa6*@\x8acUQ\xa6'
							[DEST]: 127.0.0.1
							[DATA]: OK
							
INFO:root:[ ROUTER | TIME 2021-05-13 12:56:10.255143 ]: Updating lookup table
INFO:root:[ ROUTER | TIME 2021-05-13 12:56:10.255143 ]: 
=============================================
			Client: LAPTOP-97GV1LEI
			Address: 127.0.0.1
			Port: 62880
			Thread-ID:3

=============================================

=============================================
			Client: test
			Address: 127.0.0.1
			Port: 62892
			Thread-ID:4

=============================================

INFO:root:[ THREAD-TCP 4 | TIME 2021-05-13 12:56:10.256138 ]: STARTED
INFO:root:[ THREAD-TCP 4 | TIME 2021-05-13 12:56:10.256138 ]: Client info: 127.0.0.1:62892
INFO:root:[ THREAD-TCP 4 | TIME 2021-05-13 12:56:10.256138 ]: Client name: LAPTOP-97GV1LEI
INFO:root:[ THREAD-TCP 4 | TIME 2021-05-13 12:56:10.256138 ]: Starting migration
INFO:root:[ THREAD-TCP 4 | TIME 2021-05-13 12:56:10.262137 ]: Shutting down original connection
INFO:root:[ THREAD-TCP 4 | TIME 2021-05-13 12:56:10.262137 ]: Listening for migrated connection
INFO:root:[ THREAD-TCP 4 | TIME 2021-05-13 12:56:10.262137 ]: Migration accepted
INFO:root:[ THREAD-TCP 4 | TIME 2021-05-13 12:56:10.262137 ]: New client information: ('127.0.0.1', 62894)
INFO:root:[ THREAD-TCP 4 | TIME 2021-05-13 12:56:10.262137 ]: Updating routers lookup table
INFO:root:[ ROUTER | TIME 2021-05-13 12:56:10.262137 ]: Updating lookup table
INFO:root:[ ROUTER | TIME 2021-05-13 12:56:10.262137 ]: 
=============================================
			Client: LAPTOP-97GV1LEI
			Address: 127.0.0.1
			Port: 62894
			Thread-ID:4

=============================================

INFO:root:[ THREAD-TCP 4 | TIME 2021-05-13 12:56:10.262137 ]: Packet received content:
							[TYPE]: 3
							[CHECKSUM]: b'J\x88\xe9b\rN\x96\x8e\x01I@\xdfp^~\x13\x9e\xe9\xa1~\x0e\x82\xbd<\xa6*@\x8acUQ\xa6'
							[DEST]: 127.0.0.1
							[DATA]: OK
							
INFO:root:[ ROUTER | TIME 2021-05-13 12:58:00.144804 ]: Updating lookup table
INFO:root:[ ROUTER | TIME 2021-05-13 12:58:00.145799 ]: 
=============================================
			Client: LAPTOP-97GV1LEI
			Address: 127.0.0.1
			Port: 62894
			Thread-ID:4

=============================================

=============================================
			Client: test
			Address: 127.0.0.1
			Port: 62911
			Thread-ID:5

=============================================

INFO:root:[ THREAD-TCP 5 | TIME 2021-05-13 12:58:00.145799 ]: STARTED
INFO:root:[ THREAD-TCP 5 | TIME 2021-05-13 12:58:00.146798 ]: Client info: 127.0.0.1:62911
INFO:root:[ THREAD-TCP 5 | TIME 2021-05-13 12:58:00.146798 ]: Client name: LAPTOP-97GV1LEI
INFO:root:[ THREAD-TCP 5 | TIME 2021-05-13 12:58:00.146798 ]: Starting migration
INFO:root:[ THREAD-TCP 5 | TIME 2021-05-13 12:58:00.168806 ]: Shutting down original connection
INFO:root:[ THREAD-TCP 5 | TIME 2021-05-13 12:58:00.168806 ]: Listening for migrated connection
INFO:root:[ THREAD-TCP 5 | TIME 2021-05-13 12:58:00.668914 ]: Migration accepted
INFO:root:[ THREAD-TCP 5 | TIME 2021-05-13 12:58:00.668914 ]: New client information: ('127.0.0.1', 62913)
INFO:root:[ THREAD-TCP 5 | TIME 2021-05-13 12:58:00.669917 ]: Updating routers lookup table
INFO:root:[ ROUTER | TIME 2021-05-13 12:58:00.669917 ]: Updating lookup table
INFO:root:[ ROUTER | TIME 2021-05-13 12:58:00.669917 ]: 
=============================================
			Client: LAPTOP-97GV1LEI
			Address: 127.0.0.1
			Port: 62913
			Thread-ID:5

=============================================

INFO:root:[ THREAD-TCP 5 | TIME 2021-05-13 12:58:00.669917 ]: Packet received content:
							[TYPE]: 3
							[CHECKSUM]: b'J\x88\xe9b\rN\x96\x8e\x01I@\xdfp^~\x13\x9e\xe9\xa1~\x0e\x82\xbd<\xa6*@\x8acUQ\xa6'
							[DEST]: 127.0.0.1
							[DATA]: OK
							
INFO:root:[ ROUTER | TIME 2021-05-13 12:58:45.979698 ]: Updating lookup table
INFO:root:[ ROUTER | TIME 2021-05-13 12:58:45.979698 ]: 
=============================================
			Client: LAPTOP-97GV1LEI
			Address: 127.0.0.1
			Port: 62913
			Thread-ID:5

=============================================

=============================================
			Client: test
			Address: 127.0.0.1
			Port: 62918
			Thread-ID:6

=============================================

INFO:root:[ THREAD-TCP 6 | TIME 2021-05-13 12:58:45.980701 ]: STARTED
INFO:root:[ THREAD-TCP 6 | TIME 2021-05-13 12:58:45.980701 ]: Client info: 127.0.0.1:62918
INFO:root:[ THREAD-TCP 6 | TIME 2021-05-13 12:58:45.980701 ]: Client name: LAPTOP-97GV1LEI
INFO:root:[ THREAD-TCP 6 | TIME 2021-05-13 12:58:45.981693 ]: Starting migration
INFO:root:[ THREAD-TCP 6 | TIME 2021-05-13 12:58:45.986687 ]: Shutting down original connection
INFO:root:[ THREAD-TCP 6 | TIME 2021-05-13 12:58:45.986687 ]: Listening for migrated connection
INFO:root:[ THREAD-TCP 6 | TIME 2021-05-13 12:58:46.494034 ]: Migration accepted
INFO:root:[ THREAD-TCP 6 | TIME 2021-05-13 12:58:46.494034 ]: New client information: ('127.0.0.1', 62920)
INFO:root:[ THREAD-TCP 6 | TIME 2021-05-13 12:58:46.495042 ]: Updating routers lookup table
INFO:root:[ ROUTER | TIME 2021-05-13 12:58:46.495042 ]: Updating lookup table
INFO:root:[ ROUTER | TIME 2021-05-13 12:58:46.495042 ]: 
=============================================
			Client: LAPTOP-97GV1LEI
			Address: 127.0.0.1
			Port: 62920
			Thread-ID:6

=============================================

INFO:root:[ THREAD-TCP 6 | TIME 2021-05-13 12:58:46.495042 ]: Packet received content:
							[TYPE]: 3
							[CHECKSUM]: b'J\x88\xe9b\rN\x96\x8e\x01I@\xdfp^~\x13\x9e\xe9\xa1~\x0e\x82\xbd<\xa6*@\x8acUQ\xa6'
							[DEST]: 127.0.0.1
							[DATA]: OK
							
INFO:root:[ ROUTER | TIME 2021-05-13 12:59:28.428245 ]: Updating lookup table
INFO:root:[ ROUTER | TIME 2021-05-13 12:59:28.428245 ]: 
=============================================
			Client: LAPTOP-97GV1LEI
			Address: 127.0.0.1
			Port: 62920
			Thread-ID:6

=============================================

=============================================
			Client: test
			Address: 127.0.0.1
			Port: 62923
			Thread-ID:7

=============================================

INFO:root:[ THREAD-TCP 7 | TIME 2021-05-13 12:59:28.429245 ]: STARTED
INFO:root:[ THREAD-TCP 7 | TIME 2021-05-13 12:59:28.429245 ]: Client info: 127.0.0.1:62923
INFO:root:[ THREAD-TCP 7 | TIME 2021-05-13 12:59:28.429245 ]: Client name: LAPTOP-97GV1LEI
INFO:root:[ THREAD-TCP 7 | TIME 2021-05-13 12:59:28.429245 ]: Starting migration
INFO:root:[ THREAD-TCP 7 | TIME 2021-05-13 12:59:28.434247 ]: Shutting down original connection
INFO:root:[ THREAD-TCP 7 | TIME 2021-05-13 12:59:28.434247 ]: Listening for migrated connection
INFO:root:[ THREAD-TCP 7 | TIME 2021-05-13 12:59:28.434247 ]: Migration accepted
INFO:root:[ THREAD-TCP 7 | TIME 2021-05-13 12:59:28.435248 ]: New client information: ('127.0.0.1', 62925)
INFO:root:[ THREAD-TCP 7 | TIME 2021-05-13 12:59:28.435248 ]: Updating routers lookup table
INFO:root:[ ROUTER | TIME 2021-05-13 12:59:28.435248 ]: Updating lookup table
INFO:root:[ ROUTER | TIME 2021-05-13 12:59:28.435248 ]: 
=============================================
			Client: LAPTOP-97GV1LEI
			Address: 127.0.0.1
			Port: 62925
			Thread-ID:7

=============================================

INFO:root:[ THREAD-TCP 7 | TIME 2021-05-13 12:59:28.435248 ]: Packet received content:
							[TYPE]: 3
							[CHECKSUM]: b'J\x88\xe9b\rN\x96\x8e\x01I@\xdfp^~\x13\x9e\xe9\xa1~\x0e\x82\xbd<\xa6*@\x8acUQ\xa6'
							[DEST]: 127.0.0.1
							[DATA]: OK
							
INFO:root:[ ROUTER | TIME 2021-05-13 13:03:01.948976 ]: Updating lookup table
INFO:root:[ ROUTER | TIME 2021-05-13 13:03:01.948976 ]: 
=============================================
			Client: LAPTOP-97GV1LEI
			Address: 127.0.0.1
			Port: 62925
			Thread-ID:7

=============================================

=============================================
			Client: test
			Address: 127.0.0.1
			Port: 62958
			Thread-ID:8

=============================================

INFO:root:[ THREAD-TCP 8 | TIME 2021-05-13 13:03:01.948976 ]: STARTED
INFO:root:[ THREAD-TCP 8 | TIME 2021-05-13 13:03:01.948976 ]: Client info: 127.0.0.1:62958
INFO:root:[ THREAD-TCP 8 | TIME 2021-05-13 13:03:01.948976 ]: Client name: LAPTOP-97GV1LEI
INFO:root:[ THREAD-TCP 8 | TIME 2021-05-13 13:03:01.949978 ]: Starting migration
INFO:root:[ THREAD-TCP 8 | TIME 2021-05-13 13:03:01.953979 ]: Shutting down original connection
INFO:root:[ THREAD-TCP 8 | TIME 2021-05-13 13:03:01.953979 ]: Listening for migrated connection
INFO:root:[ THREAD-TCP 8 | TIME 2021-05-13 13:03:01.953979 ]: Migration accepted
INFO:root:[ THREAD-TCP 8 | TIME 2021-05-13 13:03:01.954983 ]: New client information: ('127.0.0.1', 62960)
INFO:root:[ THREAD-TCP 8 | TIME 2021-05-13 13:03:01.954983 ]: Updating routers lookup table
INFO:root:[ ROUTER | TIME 2021-05-13 13:03:01.954983 ]: Updating lookup table
INFO:root:[ ROUTER | TIME 2021-05-13 13:03:01.954983 ]: 
=============================================
			Client: LAPTOP-97GV1LEI
			Address: 127.0.0.1
			Port: 62960
			Thread-ID:8

=============================================

INFO:root:[ THREAD-TCP 8 | TIME 2021-05-13 13:03:01.954983 ]: Packet received content:
							[TYPE]: 3
							[CHECKSUM]: b'J\x88\xe9b\rN\x96\x8e\x01I@\xdfp^~\x13\x9e\xe9\xa1~\x0e\x82\xbd<\xa6*@\x8acUQ\xa6'
							[DEST]: 127.0.0.1
							[DATA]: OK
							
INFO:root:[ ROUTER | TIME 2021-05-13 13:04:06.084259 ]: Updating lookup table
INFO:root:[ ROUTER | TIME 2021-05-13 13:04:06.084259 ]: 
=============================================
			Client: LAPTOP-97GV1LEI
			Address: 127.0.0.1
			Port: 62960
			Thread-ID:8

=============================================

=============================================
			Client: test
			Address: 127.0.0.1
			Port: 62974
			Thread-ID:9

=============================================

INFO:root:[ THREAD-TCP 9 | TIME 2021-05-13 13:04:06.085261 ]: STARTED
INFO:root:[ THREAD-TCP 9 | TIME 2021-05-13 13:04:06.085261 ]: Client info: 127.0.0.1:62974
INFO:root:[ THREAD-TCP 9 | TIME 2021-05-13 13:04:06.085261 ]: Client name: LAPTOP-97GV1LEI
INFO:root:[ THREAD-TCP 9 | TIME 2021-05-13 13:04:06.085261 ]: Starting migration
INFO:root:[ THREAD-TCP 9 | TIME 2021-05-13 13:04:06.093261 ]: Shutting down original connection
INFO:root:[ THREAD-TCP 9 | TIME 2021-05-13 13:04:06.093261 ]: Listening for migrated connection
INFO:root:[ THREAD-TCP 9 | TIME 2021-05-13 13:04:06.095261 ]: Migration accepted
INFO:root:[ THREAD-TCP 9 | TIME 2021-05-13 13:04:06.095261 ]: New client information: ('127.0.0.1', 62976)
INFO:root:[ THREAD-TCP 9 | TIME 2021-05-13 13:04:06.095261 ]: Updating routers lookup table
INFO:root:[ ROUTER | TIME 2021-05-13 13:04:06.095261 ]: Updating lookup table
INFO:root:[ ROUTER | TIME 2021-05-13 13:04:06.095261 ]: 
=============================================
			Client: LAPTOP-97GV1LEI
			Address: 127.0.0.1
			Port: 62976
			Thread-ID:9

=============================================

INFO:root:[ THREAD-TCP 9 | TIME 2021-05-13 13:04:06.096271 ]: Packet received content:
							[TYPE]: 3
							[CHECKSUM]: b'J\x88\xe9b\rN\x96\x8e\x01I@\xdfp^~\x13\x9e\xe9\xa1~\x0e\x82\xbd<\xa6*@\x8acUQ\xa6'
							[DEST]: 127.0.0.1
							[DATA]: OK
							
INFO:root:[ ROUTER | TIME 2021-05-13 13:05:37.701245 ]: Updating lookup table
INFO:root:[ ROUTER | TIME 2021-05-13 13:05:37.701245 ]: 
=============================================
			Client: LAPTOP-97GV1LEI
			Address: 127.0.0.1
			Port: 62976
			Thread-ID:9

=============================================

=============================================
			Client: test
			Address: 127.0.0.1
			Port: 62994
			Thread-ID:10

=============================================

INFO:root:[ THREAD-TCP 10 | TIME 2021-05-13 13:05:37.701245 ]: STARTED
INFO:root:[ THREAD-TCP 10 | TIME 2021-05-13 13:05:37.702244 ]: Client info: 127.0.0.1:62994
INFO:root:[ THREAD-TCP 10 | TIME 2021-05-13 13:05:37.702244 ]: Client name: LAPTOP-97GV1LEI
INFO:root:[ THREAD-TCP 10 | TIME 2021-05-13 13:05:37.702244 ]: Starting migration
INFO:root:[ THREAD-TCP 10 | TIME 2021-05-13 13:05:37.706244 ]: Shutting down original connection
INFO:root:[ THREAD-TCP 10 | TIME 2021-05-13 13:05:37.706244 ]: Listening for migrated connection
INFO:root:[ THREAD-TCP 10 | TIME 2021-05-13 13:05:37.707246 ]: Migration accepted
INFO:root:[ THREAD-TCP 10 | TIME 2021-05-13 13:05:37.707246 ]: New client information: ('127.0.0.1', 62996)
INFO:root:[ THREAD-TCP 10 | TIME 2021-05-13 13:05:37.707246 ]: Updating routers lookup table
INFO:root:[ ROUTER | TIME 2021-05-13 13:05:37.707246 ]: Updating lookup table
INFO:root:[ ROUTER | TIME 2021-05-13 13:05:37.707246 ]: 
=============================================
			Client: LAPTOP-97GV1LEI
			Address: 127.0.0.1
			Port: 62996
			Thread-ID:10

=============================================

INFO:root:[ THREAD-TCP 10 | TIME 2021-05-13 13:05:37.707246 ]: Packet received content:
							[TYPE]: 3
							[CHECKSUM]: b'J\x88\xe9b\rN\x96\x8e\x01I@\xdfp^~\x13\x9e\xe9\xa1~\x0e\x82\xbd<\xa6*@\x8acUQ\xa6'
							[DEST]: 127.0.0.1
							[DATA]: OK
							
INFO:root:[ ROUTER | TIME 2021-05-13 13:06:51.465860 ]: Updating lookup table
INFO:root:[ ROUTER | TIME 2021-05-13 13:06:51.465860 ]: 
=============================================
			Client: LAPTOP-97GV1LEI
			Address: 127.0.0.1
			Port: 62996
			Thread-ID:10

=============================================

=============================================
			Client: test
			Address: 127.0.0.1
			Port: 63005
			Thread-ID:11

=============================================

INFO:root:[ THREAD-TCP 11 | TIME 2021-05-13 13:06:51.466848 ]: STARTED
INFO:root:[ THREAD-TCP 11 | TIME 2021-05-13 13:06:51.466848 ]: Client info: 127.0.0.1:63005
INFO:root:[ THREAD-TCP 11 | TIME 2021-05-13 13:06:51.466848 ]: Client name: LAPTOP-97GV1LEI
INFO:root:[ THREAD-TCP 11 | TIME 2021-05-13 13:06:51.466848 ]: Starting migration
INFO:root:[ THREAD-TCP 11 | TIME 2021-05-13 13:06:51.467852 ]: Shutting down original connection
INFO:root:[ THREAD-TCP 11 | TIME 2021-05-13 13:06:51.467852 ]: Listening for migrated connection
INFO:root:[ THREAD-TCP 11 | TIME 2021-05-13 13:06:51.468847 ]: Migration accepted
INFO:root:[ THREAD-TCP 11 | TIME 2021-05-13 13:06:51.468847 ]: New client information: ('127.0.0.1', 63007)
INFO:root:[ THREAD-TCP 11 | TIME 2021-05-13 13:06:51.468847 ]: Updating routers lookup table
INFO:root:[ ROUTER | TIME 2021-05-13 13:06:51.468847 ]: Updating lookup table
INFO:root:[ ROUTER | TIME 2021-05-13 13:06:51.468847 ]: 
=============================================
			Client: LAPTOP-97GV1LEI
			Address: 127.0.0.1
			Port: 63007
			Thread-ID:11

=============================================

INFO:root:[ THREAD-TCP 11 | TIME 2021-05-13 13:06:51.468847 ]: Packet received content:
							[TYPE]: 3
							[CHECKSUM]: b'J\x88\xe9b\rN\x96\x8e\x01I@\xdfp^~\x13\x9e\xe9\xa1~\x0e\x82\xbd<\xa6*@\x8acUQ\xa6'
							[DEST]: 127.0.0.1
							[DATA]: OK
							
INFO:root:[ THREAD-TCP 11 | TIME 2021-05-13 13:07:12.237978 ]: ENDED
INFO:root:[ ROUTER | TIME 2021-05-13 13:08:13.981444 ]: Updating lookup table
INFO:root:[ ROUTER | TIME 2021-05-13 13:08:13.981444 ]: 
=============================================
			Client: LAPTOP-97GV1LEI
			Address: 127.0.0.1
			Port: 63007
			Thread-ID:11

=============================================

=============================================
			Client: test
			Address: 127.0.0.1
			Port: 63019
			Thread-ID:12

=============================================

INFO:root:[ THREAD-TCP 12 | TIME 2021-05-13 13:08:13.981444 ]: STARTED
INFO:root:[ THREAD-TCP 12 | TIME 2021-05-13 13:08:13.981444 ]: Client info: 127.0.0.1:63019
INFO:root:[ THREAD-TCP 12 | TIME 2021-05-13 13:08:13.981444 ]: Client name: LAPTOP-97GV1LEI
INFO:root:[ THREAD-TCP 12 | TIME 2021-05-13 13:08:13.981444 ]: Starting migration
INFO:root:[ THREAD-TCP 12 | TIME 2021-05-13 13:08:13.982449 ]: Shutting down original connection
INFO:root:[ THREAD-TCP 12 | TIME 2021-05-13 13:08:13.982449 ]: Listening for migrated connection
INFO:root:[ THREAD-TCP 12 | TIME 2021-05-13 13:08:13.983448 ]: Migration accepted
INFO:root:[ THREAD-TCP 12 | TIME 2021-05-13 13:08:13.983448 ]: New client information: ('127.0.0.1', 63021)
INFO:root:[ THREAD-TCP 12 | TIME 2021-05-13 13:08:13.983448 ]: Updating routers lookup table
INFO:root:[ ROUTER | TIME 2021-05-13 13:08:13.983448 ]: Updating lookup table
INFO:root:[ ROUTER | TIME 2021-05-13 13:08:13.983448 ]: 
=============================================
			Client: LAPTOP-97GV1LEI
			Address: 127.0.0.1
			Port: 63021
			Thread-ID:12

=============================================

INFO:root:[ THREAD-TCP 12 | TIME 2021-05-13 13:08:13.983448 ]: Packet received content:
							[TYPE]: 3
							[CHECKSUM]: b'J\x88\xe9b\rN\x96\x8e\x01I@\xdfp^~\x13\x9e\xe9\xa1~\x0e\x82\xbd<\xa6*@\x8acUQ\xa6'
							[DEST]: 127.0.0.1
							[DATA]: OK
							
INFO:root:[ THREAD-TCP 12 | TIME 2021-05-13 13:08:34.721450 ]: Packet received content:
							[TYPE]: 3
							[CHECKSUM]: b'\xe7\xda\xf3:\xb0\xf5{\txrF\xe1\x99\xa09\xd33\xff5\xfe%\xe2\xc6\xb5\xfdH\xaa\xec\x9bD\x1e{'
							[DEST]: 127.0.0.1
							[DATA]: CMD:ADD_DRONE;RelayBoxDrone1:192.168.137.20;RelayBoxDrone2:192.168.137.25;RelayBoxDrone3:192.168.137.27;RelayBoxDrone4:192.168.137.28;RelayBoxDrone5:192.168.137.30;RelayBoxDrone6:192.168.137.45;
							
INFO:root:[ ROUTER | TIME 2021-05-13 13:08:34.721450 ]: Received packet with destination: 127.0.0.1
INFO:root:[ ROUTER | TIME 2021-05-13 13:08:34.721450 ]: Server is destination of packet
INFO:root:[ THREAD-TCP 12 | TIME 2021-05-13 13:08:34.726442 ]: ENDED
INFO:root:[ ROUTER | TIME 2021-05-13 13:16:10.764910 ]: Updating lookup table
INFO:root:[ ROUTER | TIME 2021-05-13 13:16:10.765926 ]: 
=============================================
			Client: LAPTOP-97GV1LEI
			Address: 127.0.0.1
			Port: 63021
			Thread-ID:12

=============================================

=============================================
			Client: test
			Address: 127.0.0.1
			Port: 63074
			Thread-ID:13

=============================================

INFO:root:[ THREAD-TCP 13 | TIME 2021-05-13 13:16:10.765926 ]: STARTED
INFO:root:[ THREAD-TCP 13 | TIME 2021-05-13 13:16:10.765926 ]: Client info: 127.0.0.1:63074
INFO:root:[ THREAD-TCP 13 | TIME 2021-05-13 13:16:10.765926 ]: Client name: LAPTOP-97GV1LEI
INFO:root:[ THREAD-TCP 13 | TIME 2021-05-13 13:16:10.766912 ]: Starting migration
INFO:root:[ ROUTER | TIME 2021-05-13 13:17:04.743462 ]: Updating lookup table
INFO:root:[ ROUTER | TIME 2021-05-13 13:17:04.743462 ]: 
=============================================
			Client: test
			Address: 127.0.0.1
			Port: 63087
			Thread-ID:1

=============================================

INFO:root:[ THREAD-TCP 1 | TIME 2021-05-13 13:17:04.743462 ]: STARTED
INFO:root:[ THREAD-TCP 1 | TIME 2021-05-13 13:17:04.744460 ]: Client info: 127.0.0.1:63087
INFO:root:[ THREAD-TCP 1 | TIME 2021-05-13 13:17:04.744460 ]: Client name: LAPTOP-97GV1LEI
INFO:root:[ THREAD-TCP 1 | TIME 2021-05-13 13:17:04.744460 ]: Starting migration
INFO:root:[ THREAD-TCP 1 | TIME 2021-05-13 13:17:04.745462 ]: Shutting down original connection
INFO:root:[ THREAD-TCP 1 | TIME 2021-05-13 13:17:04.745462 ]: Listening for migrated connection
INFO:root:[ THREAD-TCP 1 | TIME 2021-05-13 13:17:04.745462 ]: Migration accepted
INFO:root:[ THREAD-TCP 1 | TIME 2021-05-13 13:17:04.745462 ]: New client information: ('127.0.0.1', 63089)
INFO:root:[ THREAD-TCP 1 | TIME 2021-05-13 13:17:04.746462 ]: Updating routers lookup table
INFO:root:[ ROUTER | TIME 2021-05-13 13:17:04.746462 ]: Updating lookup table
INFO:root:[ ROUTER | TIME 2021-05-13 13:17:04.746462 ]: 
=============================================
			Client: LAPTOP-97GV1LEI
			Address: 127.0.0.1
			Port: 63089
			Thread-ID:1

=============================================

INFO:root:[ THREAD-TCP 1 | TIME 2021-05-13 13:17:04.746462 ]: Packet received content:
							[TYPE]: 3
							[CHECKSUM]: b'J\x88\xe9b\rN\x96\x8e\x01I@\xdfp^~\x13\x9e\xe9\xa1~\x0e\x82\xbd<\xa6*@\x8acUQ\xa6'
							[DEST]: 127.0.0.1
							[DATA]: OK
							
INFO:root:[ THREAD-TCP 1 | TIME 2021-05-13 13:17:25.220713 ]: Packet received content:
							[TYPE]: 3
							[CHECKSUM]: b'\xe9Q|j\xc9\xac9#*\xbbkS\x96\xc8\xc4au\xbeQ\x05\x1eX\x0f+\xfe\xa1!7K\xb9\xba\x80'
							[DEST]: 127.0.0.1
							[DATA]: CMD:ADD_DRONE;RelayBoxDrone1:192.168.137.14;RelayBoxDrone2:192.168.137.16;RelayBoxDrone3:192.168.137.18;RelayBoxDrone4:192.168.137.37;RelayBoxDrone5:192.168.137.39;RelayBoxDrone6:192.168.137.41;RelayBoxDrone7:192.168.137.43;
							
INFO:root:[ ROUTER | TIME 2021-05-13 13:17:25.220713 ]: Received packet with destination: 127.0.0.1
INFO:root:[ ROUTER | TIME 2021-05-13 13:17:25.221709 ]: Server is destination of packet
INFO:root:[ THREAD-TCP 1 | TIME 2021-05-13 13:17:25.244715 ]: ENDED
INFO:root:[ ROUTER | TIME 2021-05-16 13:19:54.356863 ]: Updating lookup table
INFO:root:[ ROUTER | TIME 2021-05-16 13:19:54.357862 ]: 
=============================================
			Client: test
			Address: 127.0.0.1
			Port: 54892
			Thread-ID:1

=============================================

INFO:root:[ THREAD-TCP 1 | TIME 2021-05-16 13:19:54.357862 ]: STARTED
INFO:root:[ THREAD-TCP 1 | TIME 2021-05-16 13:19:54.358864 ]: Client info: 127.0.0.1:54892
INFO:root:[ THREAD-TCP 1 | TIME 2021-05-16 13:19:54.358864 ]: Client name: LAPTOP-97GV1LEI
INFO:root:[ THREAD-TCP 1 | TIME 2021-05-16 13:19:54.358864 ]: Starting migration
INFO:root:[ THREAD-TCP 1 | TIME 2021-05-16 13:19:54.359871 ]: Shutting down original connection
INFO:root:[ THREAD-TCP 1 | TIME 2021-05-16 13:19:54.359871 ]: Listening for migrated connection
INFO:root:[ THREAD-TCP 1 | TIME 2021-05-16 13:19:54.360871 ]: Migration accepted
INFO:root:[ THREAD-TCP 1 | TIME 2021-05-16 13:19:54.360871 ]: New client information: ('127.0.0.1', 54894)
INFO:root:[ THREAD-TCP 1 | TIME 2021-05-16 13:19:54.360871 ]: Updating routers lookup table
INFO:root:[ ROUTER | TIME 2021-05-16 13:19:54.360871 ]: Updating lookup table
INFO:root:[ ROUTER | TIME 2021-05-16 13:19:54.360871 ]: 
=============================================
			Client: LAPTOP-97GV1LEI
			Address: 127.0.0.1
			Port: 54894
			Thread-ID:1

=============================================

INFO:root:[ THREAD-TCP 1 | TIME 2021-05-16 13:19:54.361872 ]: Packet received content:
							[TYPE]: 3
							[CHECKSUM]: b'J\x88\xe9b\rN\x96\x8e\x01I@\xdfp^~\x13\x9e\xe9\xa1~\x0e\x82\xbd<\xa6*@\x8acUQ\xa6'
							[DEST]: 127.0.0.1
							[DATA]: OK
							
INFO:root:[ THREAD-TCP 1 | TIME 2021-05-16 13:20:15.354698 ]: Packet received content:
							[TYPE]: 3
							[CHECKSUM]: b'\x84=\xc4\xc4\x7f\xb6\x08\xb5\xa9\xe3\xe5\xf2\xc9"\x9d]>\x04\r\xca\xaf[*\x1c\xd1\xeaC\x9f\xc5\x97\xf8\xaa'
							[DEST]: 127.0.0.1
							[DATA]: CMD:ADD_DRONE;RelayBoxDrone1:192.168.137.5;RelayBoxDrone2:192.168.137.7;RelayBoxDrone3:192.168.137.9;RelayBoxDrone4:192.168.137.30;RelayBoxDrone5:192.168.137.32;RelayBoxDrone6:192.168.137.34;
							
INFO:root:[ ROUTER | TIME 2021-05-16 13:20:15.354698 ]: Received packet with destination: 127.0.0.1
INFO:root:[ ROUTER | TIME 2021-05-16 13:20:15.355687 ]: Server is destination of packet
INFO:root:[ THREAD-TCP 1 | TIME 2021-05-16 13:20:15.385693 ]: ENDED
INFO:root:[ ROUTER | TIME 2021-05-17 12:39:48.819081 ]: Updating lookup table
INFO:root:[ ROUTER | TIME 2021-05-17 12:39:48.820082 ]: 
=============================================
			Client: test
			Address: 127.0.0.1
			Port: 60294
			Thread-ID:1

=============================================

INFO:root:[ THREAD-TCP 1 | TIME 2021-05-17 12:39:48.821083 ]: STARTED
INFO:root:[ THREAD-TCP 1 | TIME 2021-05-17 12:39:48.821083 ]: Client info: 127.0.0.1:60294
INFO:root:[ THREAD-TCP 1 | TIME 2021-05-17 12:39:48.822082 ]: Client name: LAPTOP-97GV1LEI
INFO:root:[ THREAD-TCP 1 | TIME 2021-05-17 12:39:48.822082 ]: Starting migration
INFO:root:[ THREAD-TCP 1 | TIME 2021-05-17 12:39:48.823091 ]: Shutting down original connection
INFO:root:[ THREAD-TCP 1 | TIME 2021-05-17 12:39:48.823091 ]: Listening for migrated connection
INFO:root:[ THREAD-TCP 1 | TIME 2021-05-17 12:39:48.823091 ]: Migration accepted
INFO:root:[ THREAD-TCP 1 | TIME 2021-05-17 12:39:48.824083 ]: New client information: ('127.0.0.1', 60296)
INFO:root:[ THREAD-TCP 1 | TIME 2021-05-17 12:39:48.824083 ]: Updating routers lookup table
INFO:root:[ ROUTER | TIME 2021-05-17 12:39:48.824083 ]: Updating lookup table
INFO:root:[ ROUTER | TIME 2021-05-17 12:39:48.824083 ]: 
=============================================
			Client: LAPTOP-97GV1LEI
			Address: 127.0.0.1
			Port: 60296
			Thread-ID:1

=============================================

INFO:root:[ THREAD-TCP 1 | TIME 2021-05-17 12:39:48.824083 ]: Packet received content:
							[TYPE]: 3
							[CHECKSUM]: b'J\x88\xe9b\rN\x96\x8e\x01I@\xdfp^~\x13\x9e\xe9\xa1~\x0e\x82\xbd<\xa6*@\x8acUQ\xa6'
							[DEST]: 127.0.0.1
							[DATA]: OK
							
INFO:root:[ ROUTER | TIME 2021-05-17 12:43:42.165005 ]: Updating lookup table
INFO:root:[ ROUTER | TIME 2021-05-17 12:43:42.165005 ]: 
=============================================
			Client: LAPTOP-97GV1LEI
			Address: 127.0.0.1
			Port: 60296
			Thread-ID:1

=============================================

=============================================
			Client: test
			Address: 127.0.0.1
			Port: 64618
			Thread-ID:2

=============================================

INFO:root:[ THREAD-TCP 2 | TIME 2021-05-17 12:43:42.165005 ]: STARTED
INFO:root:[ THREAD-TCP 2 | TIME 2021-05-17 12:43:42.166015 ]: Client info: 127.0.0.1:64618
INFO:root:[ THREAD-TCP 2 | TIME 2021-05-17 12:43:42.166015 ]: Client name: LAPTOP-97GV1LEI
INFO:root:[ THREAD-TCP 2 | TIME 2021-05-17 12:43:42.166015 ]: Starting migration
INFO:root:[ THREAD-TCP 2 | TIME 2021-05-17 12:43:42.167005 ]: Shutting down original connection
INFO:root:[ THREAD-TCP 2 | TIME 2021-05-17 12:43:42.167005 ]: Listening for migrated connection
INFO:root:[ THREAD-TCP 2 | TIME 2021-05-17 12:43:42.672077 ]: Migration accepted
INFO:root:[ THREAD-TCP 2 | TIME 2021-05-17 12:43:42.673082 ]: New client information: ('127.0.0.1', 64620)
INFO:root:[ THREAD-TCP 2 | TIME 2021-05-17 12:43:42.673082 ]: Updating routers lookup table
INFO:root:[ ROUTER | TIME 2021-05-17 12:43:42.673082 ]: Updating lookup table
INFO:root:[ ROUTER | TIME 2021-05-17 12:43:42.673082 ]: 
=============================================
			Client: LAPTOP-97GV1LEI
			Address: 127.0.0.1
			Port: 64620
			Thread-ID:2

=============================================

INFO:root:[ THREAD-TCP 2 | TIME 2021-05-17 12:43:42.673082 ]: Packet received content:
							[TYPE]: 3
							[CHECKSUM]: b'J\x88\xe9b\rN\x96\x8e\x01I@\xdfp^~\x13\x9e\xe9\xa1~\x0e\x82\xbd<\xa6*@\x8acUQ\xa6'
							[DEST]: 127.0.0.1
							[DATA]: OK
							
INFO:root:[ THREAD-TCP 2 | TIME 2021-05-17 12:44:58.846491 ]: ENDED
INFO:root:[ ROUTER | TIME 2021-05-17 12:45:02.960472 ]: Updating lookup table
INFO:root:[ ROUTER | TIME 2021-05-17 12:45:02.960472 ]: 
=============================================
			Client: LAPTOP-97GV1LEI
			Address: 127.0.0.1
			Port: 64620
			Thread-ID:2

=============================================

=============================================
			Client: test
			Address: 127.0.0.1
			Port: 64634
			Thread-ID:3

=============================================

INFO:root:[ THREAD-TCP 3 | TIME 2021-05-17 12:45:02.960472 ]: STARTED
INFO:root:[ THREAD-TCP 3 | TIME 2021-05-17 12:45:02.961466 ]: Client info: 127.0.0.1:64634
INFO:root:[ THREAD-TCP 3 | TIME 2021-05-17 12:45:02.961466 ]: Client name: LAPTOP-97GV1LEI
INFO:root:[ THREAD-TCP 3 | TIME 2021-05-17 12:45:02.962468 ]: Starting migration
INFO:root:[ THREAD-TCP 3 | TIME 2021-05-17 12:45:02.964466 ]: Shutting down original connection
INFO:root:[ THREAD-TCP 3 | TIME 2021-05-17 12:45:02.964466 ]: Listening for migrated connection
INFO:root:[ THREAD-TCP 3 | TIME 2021-05-17 12:45:02.964466 ]: Migration accepted
INFO:root:[ THREAD-TCP 3 | TIME 2021-05-17 12:45:02.965473 ]: New client information: ('127.0.0.1', 64636)
INFO:root:[ THREAD-TCP 3 | TIME 2021-05-17 12:45:02.965473 ]: Updating routers lookup table
INFO:root:[ ROUTER | TIME 2021-05-17 12:45:02.965473 ]: Updating lookup table
INFO:root:[ ROUTER | TIME 2021-05-17 12:45:02.965473 ]: 
=============================================
			Client: LAPTOP-97GV1LEI
			Address: 127.0.0.1
			Port: 64636
			Thread-ID:3

=============================================

INFO:root:[ THREAD-TCP 3 | TIME 2021-05-17 12:45:02.965473 ]: Packet received content:
							[TYPE]: 3
							[CHECKSUM]: b'J\x88\xe9b\rN\x96\x8e\x01I@\xdfp^~\x13\x9e\xe9\xa1~\x0e\x82\xbd<\xa6*@\x8acUQ\xa6'
							[DEST]: 127.0.0.1
							[DATA]: OK
							
INFO:root:[ THREAD-TCP 3 | TIME 2021-05-17 12:45:26.130030 ]: ENDED
INFO:root:[ ROUTER | TIME 2021-05-17 12:45:33.671467 ]: Updating lookup table
INFO:root:[ ROUTER | TIME 2021-05-17 12:45:33.672456 ]: 
=============================================
			Client: LAPTOP-97GV1LEI
			Address: 127.0.0.1
			Port: 64636
			Thread-ID:3

=============================================

=============================================
			Client: test
			Address: 127.0.0.1
			Port: 64648
			Thread-ID:4

=============================================

INFO:root:[ THREAD-TCP 4 | TIME 2021-05-17 12:45:33.672456 ]: STARTED
INFO:root:[ THREAD-TCP 4 | TIME 2021-05-17 12:45:33.672456 ]: Client info: 127.0.0.1:64648
INFO:root:[ THREAD-TCP 4 | TIME 2021-05-17 12:45:33.673455 ]: Client name: LAPTOP-97GV1LEI
INFO:root:[ THREAD-TCP 4 | TIME 2021-05-17 12:45:33.673455 ]: Starting migration
INFO:root:[ THREAD-TCP 4 | TIME 2021-05-17 12:45:33.677704 ]: Shutting down original connection
INFO:root:[ THREAD-TCP 4 | TIME 2021-05-17 12:45:33.678697 ]: Listening for migrated connection
INFO:root:[ THREAD-TCP 4 | TIME 2021-05-17 12:45:34.192800 ]: Migration accepted
INFO:root:[ THREAD-TCP 4 | TIME 2021-05-17 12:45:34.193817 ]: New client information: ('127.0.0.1', 64650)
INFO:root:[ THREAD-TCP 4 | TIME 2021-05-17 12:45:34.193817 ]: Updating routers lookup table
INFO:root:[ ROUTER | TIME 2021-05-17 12:45:34.193817 ]: Updating lookup table
INFO:root:[ ROUTER | TIME 2021-05-17 12:45:34.193817 ]: 
=============================================
			Client: LAPTOP-97GV1LEI
			Address: 127.0.0.1
			Port: 64650
			Thread-ID:4

=============================================

INFO:root:[ THREAD-TCP 4 | TIME 2021-05-17 12:45:34.194812 ]: Packet received content:
							[TYPE]: 3
							[CHECKSUM]: b'J\x88\xe9b\rN\x96\x8e\x01I@\xdfp^~\x13\x9e\xe9\xa1~\x0e\x82\xbd<\xa6*@\x8acUQ\xa6'
							[DEST]: 127.0.0.1
							[DATA]: OK
							
INFO:root:[ THREAD-TCP 4 | TIME 2021-05-17 12:46:13.940658 ]: ENDED
INFO:root:[ ROUTER | TIME 2021-05-17 12:46:29.204119 ]: Updating lookup table
INFO:root:[ ROUTER | TIME 2021-05-17 12:46:29.204119 ]: 
=============================================
			Client: LAPTOP-97GV1LEI
			Address: 127.0.0.1
			Port: 64650
			Thread-ID:4

=============================================

=============================================
			Client: test
			Address: 127.0.0.1
			Port: 64658
			Thread-ID:5

=============================================

INFO:root:[ THREAD-TCP 5 | TIME 2021-05-17 12:46:29.204119 ]: STARTED
INFO:root:[ THREAD-TCP 5 | TIME 2021-05-17 12:46:29.204119 ]: Client info: 127.0.0.1:64658
INFO:root:[ THREAD-TCP 5 | TIME 2021-05-17 12:46:29.204119 ]: Client name: LAPTOP-97GV1LEI
INFO:root:[ THREAD-TCP 5 | TIME 2021-05-17 12:46:29.204119 ]: Starting migration
INFO:root:[ THREAD-TCP 5 | TIME 2021-05-17 12:46:29.209150 ]: Shutting down original connection
INFO:root:[ THREAD-TCP 5 | TIME 2021-05-17 12:46:29.210154 ]: Listening for migrated connection
INFO:root:[ THREAD-TCP 5 | TIME 2021-05-17 12:46:29.210154 ]: Migration accepted
INFO:root:[ THREAD-TCP 5 | TIME 2021-05-17 12:46:29.210154 ]: New client information: ('127.0.0.1', 64660)
INFO:root:[ THREAD-TCP 5 | TIME 2021-05-17 12:46:29.210154 ]: Updating routers lookup table
INFO:root:[ ROUTER | TIME 2021-05-17 12:46:29.210154 ]: Updating lookup table
INFO:root:[ ROUTER | TIME 2021-05-17 12:46:29.210154 ]: 
=============================================
			Client: LAPTOP-97GV1LEI
			Address: 127.0.0.1
			Port: 64660
			Thread-ID:5

=============================================

INFO:root:[ THREAD-TCP 5 | TIME 2021-05-17 12:46:29.211154 ]: Packet received content:
							[TYPE]: 3
							[CHECKSUM]: b'J\x88\xe9b\rN\x96\x8e\x01I@\xdfp^~\x13\x9e\xe9\xa1~\x0e\x82\xbd<\xa6*@\x8acUQ\xa6'
							[DEST]: 127.0.0.1
							[DATA]: OK
							
INFO:root:[ THREAD-TCP 5 | TIME 2021-05-17 12:47:15.802539 ]: ENDED
INFO:root:[ ROUTER | TIME 2021-05-17 12:47:38.964522 ]: Updating lookup table
INFO:root:[ ROUTER | TIME 2021-05-17 12:47:38.964522 ]: 
=============================================
			Client: LAPTOP-97GV1LEI
			Address: 127.0.0.1
			Port: 64660
			Thread-ID:5

=============================================

=============================================
			Client: test
			Address: 127.0.0.1
			Port: 64665
			Thread-ID:6

=============================================

INFO:root:[ THREAD-TCP 6 | TIME 2021-05-17 12:47:38.964522 ]: STARTED
INFO:root:[ THREAD-TCP 6 | TIME 2021-05-17 12:47:38.965519 ]: Client info: 127.0.0.1:64665
INFO:root:[ THREAD-TCP 6 | TIME 2021-05-17 12:47:38.965519 ]: Client name: LAPTOP-97GV1LEI
INFO:root:[ THREAD-TCP 6 | TIME 2021-05-17 12:47:38.965519 ]: Starting migration
INFO:root:[ THREAD-TCP 6 | TIME 2021-05-17 12:47:38.969629 ]: Shutting down original connection
INFO:root:[ THREAD-TCP 6 | TIME 2021-05-17 12:47:38.969629 ]: Listening for migrated connection
INFO:root:[ THREAD-TCP 6 | TIME 2021-05-17 12:47:39.473300 ]: Migration accepted
INFO:root:[ THREAD-TCP 6 | TIME 2021-05-17 12:47:39.474322 ]: New client information: ('127.0.0.1', 64667)
INFO:root:[ THREAD-TCP 6 | TIME 2021-05-17 12:47:39.474322 ]: Updating routers lookup table
INFO:root:[ ROUTER | TIME 2021-05-17 12:47:39.474322 ]: Updating lookup table
INFO:root:[ ROUTER | TIME 2021-05-17 12:47:39.474322 ]: 
=============================================
			Client: LAPTOP-97GV1LEI
			Address: 127.0.0.1
			Port: 64667
			Thread-ID:6

=============================================

INFO:root:[ THREAD-TCP 6 | TIME 2021-05-17 12:47:39.474322 ]: Packet received content:
							[TYPE]: 3
							[CHECKSUM]: b'J\x88\xe9b\rN\x96\x8e\x01I@\xdfp^~\x13\x9e\xe9\xa1~\x0e\x82\xbd<\xa6*@\x8acUQ\xa6'
							[DEST]: 127.0.0.1
							[DATA]: OK
							
INFO:root:[ THREAD-TCP 6 | TIME 2021-05-17 12:53:09.582484 ]: ENDED
INFO:root:[ ROUTER | TIME 2021-05-17 12:58:52.531249 ]: Updating lookup table
INFO:root:[ ROUTER | TIME 2021-05-17 12:58:52.532249 ]: 
=============================================
			Client: LAPTOP-97GV1LEI
			Address: 127.0.0.1
			Port: 64667
			Thread-ID:6

=============================================

=============================================
			Client: test
			Address: 127.0.0.1
			Port: 55484
			Thread-ID:7

=============================================

INFO:root:[ THREAD-TCP 7 | TIME 2021-05-17 12:58:52.532249 ]: STARTED
INFO:root:[ THREAD-TCP 7 | TIME 2021-05-17 12:58:52.532249 ]: Client info: 127.0.0.1:55484
INFO:root:[ THREAD-TCP 7 | TIME 2021-05-17 12:58:52.533249 ]: Client name: LAPTOP-97GV1LEI
INFO:root:[ THREAD-TCP 7 | TIME 2021-05-17 12:58:52.533249 ]: Starting migration
INFO:root:[ THREAD-TCP 7 | TIME 2021-05-17 12:58:52.536994 ]: Shutting down original connection
INFO:root:[ THREAD-TCP 7 | TIME 2021-05-17 12:58:52.537994 ]: Listening for migrated connection
INFO:root:[ THREAD-TCP 7 | TIME 2021-05-17 12:58:53.043692 ]: Migration accepted
INFO:root:[ THREAD-TCP 7 | TIME 2021-05-17 12:58:53.044687 ]: New client information: ('127.0.0.1', 55486)
INFO:root:[ THREAD-TCP 7 | TIME 2021-05-17 12:58:53.044687 ]: Updating routers lookup table
INFO:root:[ ROUTER | TIME 2021-05-17 12:58:53.044687 ]: Updating lookup table
INFO:root:[ ROUTER | TIME 2021-05-17 12:58:53.045675 ]: 
=============================================
			Client: LAPTOP-97GV1LEI
			Address: 127.0.0.1
			Port: 55486
			Thread-ID:7

=============================================

INFO:root:[ THREAD-TCP 7 | TIME 2021-05-17 12:58:53.045675 ]: Packet received content:
							[TYPE]: 3
							[CHECKSUM]: b'J\x88\xe9b\rN\x96\x8e\x01I@\xdfp^~\x13\x9e\xe9\xa1~\x0e\x82\xbd<\xa6*@\x8acUQ\xa6'
							[DEST]: 127.0.0.1
							[DATA]: OK
							
INFO:root:[ THREAD-TCP 7 | TIME 2021-05-17 12:59:34.359850 ]: ENDED
INFO:root:[ ROUTER | TIME 2021-05-17 12:59:37.465798 ]: Updating lookup table
INFO:root:[ ROUTER | TIME 2021-05-17 12:59:37.465798 ]: 
=============================================
			Client: LAPTOP-97GV1LEI
			Address: 127.0.0.1
			Port: 55486
			Thread-ID:7

=============================================

=============================================
			Client: test
			Address: 127.0.0.1
			Port: 55491
			Thread-ID:8

=============================================

INFO:root:[ THREAD-TCP 8 | TIME 2021-05-17 12:59:37.466798 ]: STARTED
INFO:root:[ THREAD-TCP 8 | TIME 2021-05-17 12:59:37.466798 ]: Client info: 127.0.0.1:55491
INFO:root:[ THREAD-TCP 8 | TIME 2021-05-17 12:59:37.466798 ]: Client name: LAPTOP-97GV1LEI
INFO:root:[ THREAD-TCP 8 | TIME 2021-05-17 12:59:37.466798 ]: Starting migration
INFO:root:[ THREAD-TCP 8 | TIME 2021-05-17 12:59:37.471852 ]: Shutting down original connection
INFO:root:[ THREAD-TCP 8 | TIME 2021-05-17 12:59:37.472844 ]: Listening for migrated connection
INFO:root:[ THREAD-TCP 8 | TIME 2021-05-17 12:59:37.986153 ]: Migration accepted
INFO:root:[ THREAD-TCP 8 | TIME 2021-05-17 12:59:37.987153 ]: New client information: ('127.0.0.1', 55493)
INFO:root:[ THREAD-TCP 8 | TIME 2021-05-17 12:59:37.987153 ]: Updating routers lookup table
INFO:root:[ ROUTER | TIME 2021-05-17 12:59:37.988153 ]: Updating lookup table
INFO:root:[ ROUTER | TIME 2021-05-17 12:59:37.988153 ]: 
=============================================
			Client: LAPTOP-97GV1LEI
			Address: 127.0.0.1
			Port: 55493
			Thread-ID:8

=============================================

INFO:root:[ THREAD-TCP 8 | TIME 2021-05-17 12:59:37.988153 ]: Packet received content:
							[TYPE]: 3
							[CHECKSUM]: b'J\x88\xe9b\rN\x96\x8e\x01I@\xdfp^~\x13\x9e\xe9\xa1~\x0e\x82\xbd<\xa6*@\x8acUQ\xa6'
							[DEST]: 127.0.0.1
							[DATA]: OK
							
INFO:root:[ THREAD-TCP 8 | TIME 2021-05-17 12:59:45.345719 ]: Packet received content:
							[TYPE]: 3
							[CHECKSUM]: b'\xd8\x192\xedm\xeb\xda\xd1\x8a\x03\xda\xd3\x0c+J\xcb\x9ci8\xa8KM\xe9.\xd5\x8b\xb8x\xcf\x94x\xd6'
							[DEST]: 127.0.0.1
							[DATA]: CMD:ADD_DRONE;RelayBoxDrone1:192.168.137.229;
							
INFO:root:[ ROUTER | TIME 2021-05-17 12:59:45.345719 ]: Received packet with destination: 127.0.0.1
INFO:root:[ ROUTER | TIME 2021-05-17 12:59:45.345719 ]: Server is destination of packet
INFO:root:[ THREAD-TCP 8 | TIME 2021-05-17 12:59:45.363733 ]: ENDED
INFO:root:[ ROUTER | TIME 2021-05-17 13:03:18.841046 ]: Updating lookup table
INFO:root:[ ROUTER | TIME 2021-05-17 13:03:18.842034 ]: 
=============================================
			Client: LAPTOP-97GV1LEI
			Address: 127.0.0.1
			Port: 55493
			Thread-ID:8

=============================================

=============================================
			Client: test
			Address: 127.0.0.1
			Port: 55506
			Thread-ID:9

=============================================

INFO:root:[ THREAD-TCP 9 | TIME 2021-05-17 13:03:18.842034 ]: STARTED
INFO:root:[ THREAD-TCP 9 | TIME 2021-05-17 13:03:18.842034 ]: Client info: 127.0.0.1:55506
INFO:root:[ THREAD-TCP 9 | TIME 2021-05-17 13:03:18.842034 ]: Client name: LAPTOP-97GV1LEI
INFO:root:[ THREAD-TCP 9 | TIME 2021-05-17 13:03:18.842034 ]: Starting migration
INFO:root:[ THREAD-TCP 9 | TIME 2021-05-17 13:03:18.847029 ]: Shutting down original connection
INFO:root:[ THREAD-TCP 9 | TIME 2021-05-17 13:03:18.847029 ]: Listening for migrated connection
INFO:root:[ THREAD-TCP 9 | TIME 2021-05-17 13:03:18.848029 ]: Migration accepted
INFO:root:[ THREAD-TCP 9 | TIME 2021-05-17 13:03:18.848029 ]: New client information: ('127.0.0.1', 55508)
INFO:root:[ THREAD-TCP 9 | TIME 2021-05-17 13:03:18.848029 ]: Updating routers lookup table
INFO:root:[ ROUTER | TIME 2021-05-17 13:03:18.848029 ]: Updating lookup table
INFO:root:[ ROUTER | TIME 2021-05-17 13:03:18.848029 ]: 
=============================================
			Client: LAPTOP-97GV1LEI
			Address: 127.0.0.1
			Port: 55508
			Thread-ID:9

=============================================

INFO:root:[ THREAD-TCP 9 | TIME 2021-05-17 13:03:18.849029 ]: Packet received content:
							[TYPE]: 3
							[CHECKSUM]: b'J\x88\xe9b\rN\x96\x8e\x01I@\xdfp^~\x13\x9e\xe9\xa1~\x0e\x82\xbd<\xa6*@\x8acUQ\xa6'
							[DEST]: 127.0.0.1
							[DATA]: OK
							
INFO:root:[ THREAD-TCP 9 | TIME 2021-05-17 13:03:36.055024 ]: Packet received content:
							[TYPE]: 3
							[CHECKSUM]: b'\xd8\x192\xedm\xeb\xda\xd1\x8a\x03\xda\xd3\x0c+J\xcb\x9ci8\xa8KM\xe9.\xd5\x8b\xb8x\xcf\x94x\xd6'
							[DEST]: 127.0.0.1
							[DATA]: CMD:ADD_DRONE;RelayBoxDrone1:192.168.137.229;
							
INFO:root:[ ROUTER | TIME 2021-05-17 13:03:36.055024 ]: Received packet with destination: 127.0.0.1
INFO:root:[ ROUTER | TIME 2021-05-17 13:03:36.055024 ]: Server is destination of packet
INFO:root:[ ROUTER | TIME 2021-05-17 13:07:40.069779 ]: Updating lookup table
INFO:root:[ ROUTER | TIME 2021-05-17 13:07:40.069779 ]: 
=============================================
			Client: LAPTOP-97GV1LEI
			Address: 127.0.0.1
			Port: 55508
			Thread-ID:9

=============================================

=============================================
			Client: test
			Address: 127.0.0.1
			Port: 55525
			Thread-ID:10

=============================================

INFO:root:[ THREAD-TCP 10 | TIME 2021-05-17 13:07:40.069779 ]: STARTED
INFO:root:[ THREAD-TCP 10 | TIME 2021-05-17 13:07:40.069779 ]: Client info: 127.0.0.1:55525
INFO:root:[ THREAD-TCP 10 | TIME 2021-05-17 13:07:40.070780 ]: Client name: LAPTOP-97GV1LEI
INFO:root:[ THREAD-TCP 10 | TIME 2021-05-17 13:07:40.070780 ]: Starting migration
INFO:root:[ THREAD-TCP 10 | TIME 2021-05-17 13:07:40.074780 ]: Shutting down original connection
INFO:root:[ THREAD-TCP 10 | TIME 2021-05-17 13:07:40.075781 ]: Listening for migrated connection
INFO:root:[ THREAD-TCP 10 | TIME 2021-05-17 13:07:40.075781 ]: Migration accepted
INFO:root:[ THREAD-TCP 10 | TIME 2021-05-17 13:07:40.075781 ]: New client information: ('127.0.0.1', 55527)
INFO:root:[ THREAD-TCP 10 | TIME 2021-05-17 13:07:40.075781 ]: Updating routers lookup table
INFO:root:[ ROUTER | TIME 2021-05-17 13:07:40.075781 ]: Updating lookup table
INFO:root:[ ROUTER | TIME 2021-05-17 13:07:40.075781 ]: 
=============================================
			Client: LAPTOP-97GV1LEI
			Address: 127.0.0.1
			Port: 55527
			Thread-ID:10

=============================================

INFO:root:[ THREAD-TCP 10 | TIME 2021-05-17 13:07:40.075781 ]: Packet received content:
							[TYPE]: 3
							[CHECKSUM]: b'J\x88\xe9b\rN\x96\x8e\x01I@\xdfp^~\x13\x9e\xe9\xa1~\x0e\x82\xbd<\xa6*@\x8acUQ\xa6'
							[DEST]: 127.0.0.1
							[DATA]: OK
							
INFO:root:[ THREAD-TCP 10 | TIME 2021-05-17 13:07:46.897478 ]: Packet received content:
							[TYPE]: 3
							[CHECKSUM]: b'\xd8\x192\xedm\xeb\xda\xd1\x8a\x03\xda\xd3\x0c+J\xcb\x9ci8\xa8KM\xe9.\xd5\x8b\xb8x\xcf\x94x\xd6'
							[DEST]: 127.0.0.1
							[DATA]: CMD:ADD_DRONE;RelayBoxDrone1:192.168.137.229;
							
INFO:root:[ ROUTER | TIME 2021-05-17 13:07:46.897478 ]: Received packet with destination: 127.0.0.1
INFO:root:[ ROUTER | TIME 2021-05-17 13:07:46.898486 ]: Server is destination of packet
INFO:root:[ ROUTER | TIME 2021-05-17 13:20:37.048065 ]: Updating lookup table
INFO:root:[ ROUTER | TIME 2021-05-17 13:20:37.049058 ]: 
=============================================
			Client: LAPTOP-97GV1LEI
			Address: 127.0.0.1
			Port: 55527
			Thread-ID:10

=============================================

=============================================
			Client: test
			Address: 127.0.0.1
			Port: 55607
			Thread-ID:11

=============================================

INFO:root:[ THREAD-TCP 11 | TIME 2021-05-17 13:20:37.049058 ]: STARTED
INFO:root:[ THREAD-TCP 11 | TIME 2021-05-17 13:20:37.049058 ]: Client info: 127.0.0.1:55607
INFO:root:[ THREAD-TCP 11 | TIME 2021-05-17 13:20:37.049058 ]: Client name: LAPTOP-97GV1LEI
INFO:root:[ THREAD-TCP 11 | TIME 2021-05-17 13:20:37.049058 ]: Starting migration
INFO:root:[ THREAD-TCP 11 | TIME 2021-05-17 13:20:37.050052 ]: Shutting down original connection
INFO:root:[ THREAD-TCP 11 | TIME 2021-05-17 13:20:37.050052 ]: Listening for migrated connection
INFO:root:[ THREAD-TCP 11 | TIME 2021-05-17 13:20:37.051045 ]: Migration accepted
INFO:root:[ THREAD-TCP 11 | TIME 2021-05-17 13:20:37.051045 ]: New client information: ('127.0.0.1', 55609)
INFO:root:[ THREAD-TCP 11 | TIME 2021-05-17 13:20:37.051045 ]: Updating routers lookup table
INFO:root:[ ROUTER | TIME 2021-05-17 13:20:37.051045 ]: Updating lookup table
INFO:root:[ ROUTER | TIME 2021-05-17 13:20:37.051045 ]: 
=============================================
			Client: LAPTOP-97GV1LEI
			Address: 127.0.0.1
			Port: 55609
			Thread-ID:11

=============================================

INFO:root:[ THREAD-TCP 11 | TIME 2021-05-17 13:20:37.052059 ]: Packet received content:
							[TYPE]: 3
							[CHECKSUM]: b'J\x88\xe9b\rN\x96\x8e\x01I@\xdfp^~\x13\x9e\xe9\xa1~\x0e\x82\xbd<\xa6*@\x8acUQ\xa6'
							[DEST]: 127.0.0.1
							[DATA]: OK
							
INFO:root:[ THREAD-TCP 11 | TIME 2021-05-17 13:20:44.022607 ]: Packet received content:
							[TYPE]: 3
							[CHECKSUM]: b'\xd8\x192\xedm\xeb\xda\xd1\x8a\x03\xda\xd3\x0c+J\xcb\x9ci8\xa8KM\xe9.\xd5\x8b\xb8x\xcf\x94x\xd6'
							[DEST]: 127.0.0.1
							[DATA]: CMD:ADD_DRONE;RelayBoxDrone1:192.168.137.229;
							
INFO:root:[ ROUTER | TIME 2021-05-17 13:20:44.023613 ]: Received packet with destination: 127.0.0.1
INFO:root:[ ROUTER | TIME 2021-05-17 13:20:44.023613 ]: Server is destination of packet
INFO:root:[ THREAD-TCP 11 | TIME 2021-05-17 13:20:44.043605 ]: ENDED
